# Amazon Redshift DML EXPLAIN (難易度レベル: 300)

## 概要
Amazon Redshiftの`EXPLAIN`コマンドは、SQLクエリの実行計画を詳細に分析し、パフォーマンスの最適化に不可欠な情報を提供します。特にDML（Data Manipulation Language）文の`EXPLAIN`は、INSERT、UPDATE、DELETE、MERGE文の実行効率を理解し、最適化するための重要なツールです。

DMLのEXPLAINを学ぶ意義：
- データ操作の実行計画の理解
- パフォーマンスボトルネックの特定
- クエリ最適化の実践的スキル
- 大規模データ処理の効率化

## 詳細

### EXPLAINコマンドとは

#### 基本的な概念
`EXPLAIN`コマンドは、RedshiftがSQLクエリをどのように実行するかを示す実行計画を表示します。DML文の場合、以下の情報が含まれます：

- **実行順序**: 各操作の実行順序と依存関係
- **データフロー**: データがどのように処理・移動されるか
- **リソース使用量**: 各ステップでのCPU、メモリ、I/O使用量
- **最適化の機会**: パフォーマンス改善のポイント

#### 基本的な構文
```sql
EXPLAIN [ VERBOSE ] dml_statement;
```

#### VERBOSEオプション
`VERBOSE`オプションを使用すると、より詳細な情報が表示されます：

- **コスト情報**: 各ステップの相対的なコスト
- **行数推定**: 各ステップで処理される行数の推定
- **詳細な統計**: より詳細な実行統計情報

### INSERT文のEXPLAIN

#### 基本的なINSERT文の分析
```sql
-- 基本的なINSERT文
EXPLAIN INSERT INTO customers (customer_id, customer_name, email)
SELECT customer_id, customer_name, email
FROM temp_customers
WHERE status = 'active';

-- 実行計画の例
-- XN Seq Scan on temp_customers  (cost=0.00..1000.00 rows=10000 width=100)
--   Filter: (status = 'active'::text)
-- XN Insert on customers  (cost=0.00..1000.00 rows=10000 width=100)
```

#### 複雑なINSERT文の分析
```sql
-- 複数テーブル結合を含むINSERT文
EXPLAIN INSERT INTO customer_summary (customer_id, total_orders, total_amount)
SELECT 
    c.customer_id,
    COUNT(o.order_id) as total_orders,
    SUM(o.total_amount) as total_amount
FROM customers c
INNER JOIN orders o ON c.customer_id = o.customer_id
WHERE o.order_date >= '2024-01-01'
GROUP BY c.customer_id;

-- 詳細な実行計画
EXPLAIN VERBOSE INSERT INTO customer_summary (customer_id, total_orders, total_amount)
SELECT 
    c.customer_id,
    COUNT(o.order_id) as total_orders,
    SUM(o.total_amount) as total_amount
FROM customers c
INNER JOIN orders o ON c.customer_id = o.customer_id
WHERE o.order_date >= '2024-01-01'
GROUP BY c.customer_id;
```

#### INSERT文の最適化ポイント
```sql
-- 最適化前：全件スキャン
EXPLAIN INSERT INTO sales_archive
SELECT * FROM sales_current
WHERE sale_date < '2023-01-01';

-- 最適化後：インデックス活用
EXPLAIN INSERT INTO sales_archive
SELECT * FROM sales_current
WHERE sale_date < '2023-01-01'
ORDER BY sale_date;  -- ソートキーを活用
```

### UPDATE文のEXPLAIN

#### 基本的なUPDATE文の分析
```sql
-- 単純なUPDATE文
EXPLAIN UPDATE customers
SET status = 'inactive'
WHERE last_login_date < '2023-01-01';

-- 実行計画の例
-- XN Seq Scan on customers  (cost=0.00..5000.00 rows=1000 width=200)
--   Filter: (last_login_date < '2023-01-01'::date)
-- XN Update on customers  (cost=0.00..5000.00 rows=1000 width=200)
```

#### 結合を含むUPDATE文の分析
```sql
-- 結合を含むUPDATE文
EXPLAIN UPDATE customers c
SET total_spent = (
    SELECT SUM(total_amount)
    FROM orders o
    WHERE o.customer_id = c.customer_id
)
WHERE c.status = 'active';

-- 詳細な実行計画
EXPLAIN VERBOSE UPDATE customers c
SET total_spent = (
    SELECT SUM(total_amount)
    FROM orders o
    WHERE o.customer_id = c.customer_id
)
WHERE c.status = 'active';
```

#### UPDATE文の最適化戦略
```sql
-- 最適化前：相関サブクエリ
EXPLAIN UPDATE customers c
SET order_count = (
    SELECT COUNT(*)
    FROM orders o
    WHERE o.customer_id = c.customer_id
);

-- 最適化後：JOINを使用
EXPLAIN UPDATE customers c
SET order_count = o.order_count
FROM (
    SELECT customer_id, COUNT(*) as order_count
    FROM orders
    GROUP BY customer_id
) o
WHERE c.customer_id = o.customer_id;
```

### DELETE文のEXPLAIN

#### 基本的なDELETE文の分析
```sql
-- 単純なDELETE文
EXPLAIN DELETE FROM customers
WHERE status = 'inactive'
  AND last_login_date < '2022-01-01';

-- 実行計画の例
-- XN Seq Scan on customers  (cost=0.00..3000.00 rows=500 width=200)
--   Filter: ((status = 'inactive'::text) AND (last_login_date < '2022-01-01'::date))
-- XN Delete on customers  (cost=0.00..3000.00 rows=500 width=200)
```

#### 結合を含むDELETE文の分析
```sql
-- 結合を含むDELETE文
EXPLAIN DELETE FROM customers c
WHERE NOT EXISTS (
    SELECT 1
    FROM orders o
    WHERE o.customer_id = c.customer_id
      AND o.order_date >= '2024-01-01'
);

-- 詳細な実行計画
EXPLAIN VERBOSE DELETE FROM customers c
WHERE NOT EXISTS (
    SELECT 1
    FROM orders o
    WHERE o.customer_id = c.customer_id
      AND o.order_date >= '2024-01-01'
);
```

#### DELETE文の最適化手法
```sql
-- 最適化前：NOT EXISTS
EXPLAIN DELETE FROM customers c
WHERE NOT EXISTS (
    SELECT 1 FROM orders o WHERE o.customer_id = c.customer_id
);

-- 最適化後：LEFT JOIN
EXPLAIN DELETE FROM customers c
LEFT JOIN orders o ON c.customer_id = o.customer_id
WHERE o.customer_id IS NULL;
```

### MERGE文のEXPLAIN

#### 基本的なMERGE文の分析
```sql
-- MERGE文の実行計画
EXPLAIN MERGE INTO customers c
USING temp_customers t
ON c.customer_id = t.customer_id
WHEN MATCHED THEN
    UPDATE SET 
        customer_name = t.customer_name,
        email = t.email,
        updated_date = CURRENT_DATE
WHEN NOT MATCHED THEN
    INSERT (customer_id, customer_name, email, created_date)
    VALUES (t.customer_id, t.customer_name, t.email, CURRENT_DATE);

-- 詳細な実行計画
EXPLAIN VERBOSE MERGE INTO customers c
USING temp_customers t
ON c.customer_id = t.customer_id
WHEN MATCHED THEN
    UPDATE SET 
        customer_name = t.customer_name,
        email = t.email,
        updated_date = CURRENT_DATE
WHEN NOT MATCHED THEN
    INSERT (customer_id, customer_name, email, created_date)
    VALUES (t.customer_id, t.customer_name, t.email, CURRENT_DATE);
```

#### MERGE文の最適化
```sql
-- 最適化前：全件処理
EXPLAIN MERGE INTO customers c
USING temp_customers t
ON c.customer_id = t.customer_id
WHEN MATCHED THEN UPDATE SET status = t.status;

-- 最適化後：条件付き処理
EXPLAIN MERGE INTO customers c
USING temp_customers t
ON c.customer_id = t.customer_id
WHEN MATCHED AND c.status != t.status THEN 
    UPDATE SET status = t.status;
```

### 実行計画の読み方

#### 実行計画の構成要素
```sql
-- 実行計画の例
EXPLAIN INSERT INTO sales_summary
SELECT 
    DATE_TRUNC('month', sale_date) as month,
    region,
    SUM(amount) as total_sales
FROM sales
WHERE sale_date >= '2024-01-01'
GROUP BY DATE_TRUNC('month', sale_date), region;

-- 実行計画の出力例
-- XN HashAggregate  (cost=1000.00..1500.00 rows=1000 width=50)
--   ->  XN Hash Join DS_BCAST_INNER  (cost=0.00..800.00 rows=10000 width=50)
--         ->  XN Seq Scan on sales  (cost=0.00..500.00 rows=10000 width=50)
--               Filter: (sale_date >= '2024-01-01'::date)
--         ->  XN Hash  (cost=0.00..300.00 rows=1000 width=50)
--               ->  XN Seq Scan on regions  (cost=0.00..300.00 rows=1000 width=50)
-- XN Insert on sales_summary  (cost=1000.00..1500.00 rows=1000 width=50)
```

#### 実行計画の解釈ポイント

##### コスト情報
- **cost=開始コスト..終了コスト**: 各ステップの相対的なコスト
- **rows=推定行数**: 各ステップで処理される行数の推定
- **width=行幅**: 各行の平均的なバイト数

##### 操作タイプ
- **XN Seq Scan**: 順次スキャン（全件読み取り）
- **XN Hash Join**: ハッシュ結合
- **XN HashAggregate**: ハッシュ集計
- **XN Sort**: ソート操作
- **XN Insert/Update/Delete**: DML操作

##### 最適化のヒント
```sql
-- パフォーマンス問題の特定
EXPLAIN VERBOSE UPDATE customers c
SET total_spent = (
    SELECT SUM(total_amount)
    FROM orders o
    WHERE o.customer_id = c.customer_id
);

-- 問題点：
-- 1. 相関サブクエリによるN+1問題
-- 2. 全件スキャンによる非効率な処理
-- 3. インデックス未活用
```

### 実践的な最適化例

#### 大規模データ更新の最適化
```sql
-- 最適化前：相関サブクエリ
EXPLAIN UPDATE customers c
SET 
    order_count = (SELECT COUNT(*) FROM orders o WHERE o.customer_id = c.customer_id),
    total_spent = (SELECT SUM(total_amount) FROM orders o WHERE o.customer_id = c.customer_id),
    last_order_date = (SELECT MAX(order_date) FROM orders o WHERE o.customer_id = c.customer_id);

-- 最適化後：一時テーブルを使用
EXPLAIN 
-- 1. 集計データを一時テーブルに作成
CREATE TEMP TABLE customer_stats AS
SELECT 
    customer_id,
    COUNT(*) as order_count,
    SUM(total_amount) as total_spent,
    MAX(order_date) as last_order_date
FROM orders
GROUP BY customer_id;

-- 2. 一時テーブルを使用してUPDATE
UPDATE customers c
SET 
    order_count = s.order_count,
    total_spent = s.total_spent,
    last_order_date = s.last_order_date
FROM customer_stats s
WHERE c.customer_id = s.customer_id;
```

#### バッチ処理の最適化
```sql
-- 最適化前：全件一括処理
EXPLAIN DELETE FROM sales_archive
WHERE sale_date < '2020-01-01';

-- 最適化後：バッチ処理
EXPLAIN 
-- バッチサイズを制限した削除
DELETE FROM sales_archive
WHERE sale_date < '2020-01-01'
  AND sale_id IN (
    SELECT sale_id 
    FROM sales_archive 
    WHERE sale_date < '2020-01-01'
    LIMIT 10000
  );
```

#### パーティション戦略との組み合わせ
```sql
-- パーティション化されたテーブルの更新
EXPLAIN UPDATE sales_2024
SET status = 'processed'
WHERE sale_date BETWEEN '2024-01-01' AND '2024-01-31'
  AND status = 'pending';

-- パーティション削除による最適化
EXPLAIN 
-- 古いパーティションの削除
ALTER TABLE sales DROP PARTITION FOR ('2020-01-01');

-- 新しいパーティションの追加
ALTER TABLE sales ADD PARTITION (sale_date = '2024-01-01');
```

### パフォーマンス監視と分析

#### 実行時間の測定
```sql
-- 実行時間の測定
\timing on

-- DML文の実行
UPDATE customers
SET status = 'active'
WHERE customer_id = 123;

-- 実行計画と実行時間の比較
EXPLAIN ANALYZE UPDATE customers
SET status = 'active'
WHERE customer_id = 123;
```

#### 統計情報の活用
```sql
-- 統計情報の更新
ANALYZE customers;
ANALYZE orders;

-- 更新後の実行計画確認
EXPLAIN UPDATE customers c
SET total_spent = (
    SELECT SUM(total_amount)
    FROM orders o
    WHERE o.customer_id = c.customer_id
);
```

#### パフォーマンス監視クエリ
```sql
-- 長時間実行中のクエリの監視
SELECT 
    pid,
    query,
    start_time,
    now() - start_time as duration
FROM pg_stat_activity
WHERE state = 'active'
  AND query LIKE '%UPDATE%'
  OR query LIKE '%DELETE%'
  OR query LIKE '%INSERT%';

-- テーブルの更新統計
SELECT 
    schemaname,
    tablename,
    n_tup_ins as inserts,
    n_tup_upd as updates,
    n_tup_del as deletes,
    last_vacuum,
    last_autovacuum
FROM pg_stat_user_tables
WHERE schemaname = 'public'
ORDER BY n_tup_upd + n_tup_del DESC;
```

## まとめ

### 学んだことの振り返り
- **EXPLAINコマンド**: DML文の実行計画分析
- **実行計画の読み方**: コスト、行数、操作タイプの理解
- **最適化手法**: 相関サブクエリの回避、バッチ処理、パーティション戦略
- **パフォーマンス監視**: 実行時間測定と統計情報の活用

### 次のステップへの提案
1. **クエリ最適化**: インデックス設計とソートキー最適化
2. **ワークロード管理**: クエリ優先度とリソース制御
3. **VACUUM最適化**: テーブルメンテナンスの自動化
4. **パーティショニング**: 大規模データの効率的な管理
5. **マテリアライズドビュー**: 事前計算によるパフォーマンス向上
6. **Redshift ML**: 機械学習による自動最適化

Amazon RedshiftのDMLの`EXPLAIN`は、データ操作のパフォーマンスを理解し最適化するための重要なツールです。適切に活用することで、大規模データの効率的な処理を実現できます。 
